<?xml version="1.0" encoding="UTF-8"?>
<testng-results skipped="0" failed="0" ignored="0" total="3" passed="3">
  <reporter-output>
  </reporter-output>
  <suite name="Default suite" duration-ms="19434" started-at="2017-08-02T13:59:35Z" finished-at="2017-08-02T13:59:55Z">
    <groups>
    </groups>
    <test name="Default test" duration-ms="19434" started-at="2017-08-02T13:59:35Z" finished-at="2017-08-02T13:59:55Z">
      <class name="demoQATests.QATest">
        <test-method status="PASS" signature="test1()[pri:0, instance:demoQATests.QATest@50c87b21]" name="test1" duration-ms="12533" started-at="2017-08-02T19:29:35Z" finished-at="2017-08-02T19:29:48Z">
          <reporter-output>
          </reporter-output>
        </test-method> <!-- test1 -->
        <test-method status="PASS" signature="test2()[pri:0, instance:demoQATests.QATest@50c87b21]" name="test2" duration-ms="1013" started-at="2017-08-02T19:29:48Z" finished-at="2017-08-02T19:29:49Z">
          <reporter-output>
          </reporter-output>
        </test-method> <!-- test2 -->
        <test-method status="PASS" signature="test3()[pri:0, instance:demoQATests.QATest@50c87b21]" name="test3" duration-ms="5869" started-at="2017-08-02T19:29:49Z" finished-at="2017-08-02T19:29:55Z">
          <reporter-output>
          </reporter-output>
        </test-method> <!-- test3 -->
      </class> <!-- demoQATests.QATest -->
    </test> <!-- Default test -->
  </suite> <!-- Default suite -->
</testng-results>
