<?xml version="1.0" encoding="UTF-8"?>
<!-- Generated by org.testng.reporters.JUnitXMLReporter -->
<testsuite hostname="PC307531" ignored="0" name="Default test" tests="3" failures="0" timestamp="02 Aug 2017 13:59:55 GMT" time="19.434" errors="0">
  <testcase name="test1" time="12.533" classname="demoQATests.QATest"/>
  <testcase name="test2" time="1.013" classname="demoQATests.QATest"/>
  <testcase name="test3" time="5.869" classname="demoQATests.QATest"/>
</testsuite> <!-- Default test -->
